<?xml version="1.0" encoding="UTF-8"?>
<testsuite name="Characters - Personagens" tests="9" skipped="0" failures="0" errors="0" timestamp="2019-06-19T11:30:22" hostname="MacBook-Air-de-Gabriela.local" time="10.982">
  <properties/>
  <testcase name="Consultar personagens por id" classname="Characters - Personagens" time="4.016"/>
  <testcase name="Consultar personagens por id" classname="Characters - Personagens" time="0.841"/>
  <testcase name="Consultar personagens por id" classname="Characters - Personagens" time="0.795"/>
  <testcase name="Consultar personagens por id" classname="Characters - Personagens" time="0.838"/>
  <testcase name="Consultar personagens por id" classname="Characters - Personagens" time="0.798"/>
  <testcase name="Consultar personagens por id" classname="Characters - Personagens" time="0.8"/>
  <testcase name="Consultar personagens por id" classname="Characters - Personagens" time="1.289"/>
  <testcase name="Consultar personagens por id" classname="Characters - Personagens" time="0.803"/>
  <testcase name="Consultar personagens por id" classname="Characters - Personagens" time="0.797"/>
  <system-out><![CDATA[Request URI:	https://gateway.marvel.com/v1/public/characters/1009368?ts=1&apikey=9f44f12509075e40524fb88311fdf10f&hash=8f53d2cb069b331c04bd0617f90b1d89
Request URI:	https://gateway.marvel.com/v1/public/characters/1009610?ts=1&apikey=9f44f12509075e40524fb88311fdf10f&hash=8f53d2cb069b331c04bd0617f90b1d89
Request URI:	https://gateway.marvel.com/v1/public/characters/1009189?ts=1&apikey=9f44f12509075e40524fb88311fdf10f&hash=8f53d2cb069b331c04bd0617f90b1d89
Request URI:	https://gateway.marvel.com/v1/public/characters/1009351?ts=1&apikey=9f44f12509075e40524fb88311fdf10f&hash=8f53d2cb069b331c04bd0617f90b1d89
Request URI:	https://gateway.marvel.com/v1/public/characters/1009664?ts=1&apikey=9f44f12509075e40524fb88311fdf10f&hash=8f53d2cb069b331c04bd0617f90b1d89
Request URI:	https://gateway.marvel.com/v1/public/characters/1009220?ts=1&apikey=9f44f12509075e40524fb88311fdf10f&hash=8f53d2cb069b331c04bd0617f90b1d89
Request URI:	https://gateway.marvel.com/v1/public/characters/null?ts=1&apikey=9f44f12509075e40524fb88311fdf10f&hash=8f53d2cb069b331c04bd0617f90b1d89
Request URI:	https://gateway.marvel.com/v1/public/characters/1?ts=1&apikey=9f44f12509075e40524fb88311fdf10f&hash=8f53d2cb069b331c04bd0617f90b1d89
Request URI:	https://gateway.marvel.com/v1/public/characters/00?ts=1&apikey=9f44f12509075e40524fb88311fdf10f&hash=8f53d2cb069b331c04bd0617f90b1d89
]]></system-out>
  <system-err><![CDATA[]]></system-err>
</testsuite>
